SF:lib\src\open_meteo_api_client.dart
DA:16,1
DA:17,1
DA:24,1
DA:25,1
DA:26,1
DA:28,2
DA:30,2
DA:31,1
DA:34,2
DA:36,2
DA:38,1
DA:40,2
DA:42,2
DA:45,1
DA:49,2
DA:50,1
DA:51,1
DA:55,2
DA:57,2
DA:58,1
DA:61,2
DA:63,1
DA:64,1
DA:66,1
DA:68,1
LF:25
LH:25
end_of_record
SF:lib\src\models\location.dart
DA:7,2
DA:14,2
DA:15,2
LF:3
LH:3
end_of_record
SF:lib\src\models\location.g.dart
DA:11,4
DA:14,2
DA:15,2
DA:16,4
DA:17,4
DA:18,6
DA:19,6
LF:7
LH:7
end_of_record
SF:lib\src\models\weather.dart
DA:7,2
DA:9,2
DA:10,2
LF:3
LH:3
end_of_record
SF:lib\src\models\weather.g.dart
DA:11,4
DA:14,2
DA:15,2
DA:17,6
DA:19,6
LF:5
LH:5
end_of_record
